<?xml version="1.0" encoding="UTF-8" ?>
<testsuites>
 <testsuite name="Colour Calculation" timestamp="2015-10-11T01:04:03" hostname="localhost" time="0.002" errors="0" tests="0" skipped="0" disabled="0" failures="0">
 </testsuite>
 <testsuite name="Colour Calculation.Colour constrast calculation" timestamp="2015-10-11T01:04:03" hostname="localhost" time="0.002" errors="0" tests="1" skipped="0" disabled="0" failures="0">
  <testcase classname="Colour Calculation.Colour constrast calculation" name="Colour initial" time="0.001" />
 </testsuite>
</testsuites>